[ 2017-10-16T00:12:19+08:00 ] ::1 /seltitle/admin.php
INFO: [ app_init ] --START--
INFO: Run Behavior\BuildLiteBehavior [ RunTime:0.000000s ]
INFO: [ app_init ] --END-- [ RunTime:0.000000s ]
INFO: [ app_begin ] --START--
INFO: Run Behavior\ReadHtmlCacheBehavior [ RunTime:0.001000s ]
INFO: [ app_begin ] --END-- [ RunTime:0.002000s ]
INFO: [ view_parse ] --START--
INFO: [ template_filter ] --START--
INFO: Run Behavior\ContentReplaceBehavior [ RunTime:0.001000s ]
INFO: [ template_filter ] --END-- [ RunTime:0.001000s ]
INFO: Run Behavior\ParseTemplateBehavior [ RunTime:0.005000s ]
INFO: [ view_parse ] --END-- [ RunTime:0.006000s ]
INFO: [ view_filter ] --START--
INFO: Run Behavior\WriteHtmlCacheBehavior [ RunTime:0.000000s ]
INFO: [ view_filter ] --END-- [ RunTime:0.000000s ]
INFO: [ app_end ] --START--
INFO: Run Behavior\ShowPageTraceBehavior [ RunTime:0.001000s ]
INFO: [ app_end ] --END-- [ RunTime:0.001000s ]

[ 2017-10-16T00:12:27+08:00 ] ::1 /seltitle/admin.php/Home/Index/login.html
INFO: [ app_init ] --START--
INFO: Run Behavior\BuildLiteBehavior [ RunTime:0.000000s ]
INFO: [ app_init ] --END-- [ RunTime:0.000000s ]
INFO: [ app_begin ] --START--
INFO: Run Behavior\ReadHtmlCacheBehavior [ RunTime:0.000000s ]
INFO: [ app_begin ] --END-- [ RunTime:0.000000s ]
SQL: SHOW COLUMNS FROM `selt_umanager` [ RunTime:0.0020s ]
SQL: SELECT * FROM `selt_umanager` WHERE `uname` = 'admin' AND `upwd` = '83a4e18fc95d68e5fd4a1a0ca92a115c' LIMIT 1   [ RunTime:0.0000s ]
INFO: [ view_parse ] --START--
INFO: [ template_filter ] --START--
INFO: Run Behavior\ContentReplaceBehavior [ RunTime:0.000000s ]
INFO: [ template_filter ] --END-- [ RunTime:0.000000s ]
INFO: Run Behavior\ParseTemplateBehavior [ RunTime:0.015600s ]
INFO: [ view_parse ] --END-- [ RunTime:0.015600s ]
INFO: [ view_filter ] --START--
INFO: Run Behavior\WriteHtmlCacheBehavior [ RunTime:0.000000s ]
INFO: [ view_filter ] --END-- [ RunTime:0.000000s ]

[ 2017-10-16T00:12:33+08:00 ] ::1 /seltitle/admin.php/Home/Index/login.html
INFO: [ app_init ] --START--
INFO: Run Behavior\BuildLiteBehavior [ RunTime:0.000000s ]
INFO: [ app_init ] --END-- [ RunTime:0.001000s ]
INFO: [ app_begin ] --START--
INFO: Run Behavior\ReadHtmlCacheBehavior [ RunTime:0.000000s ]
INFO: [ app_begin ] --END-- [ RunTime:0.000000s ]
SQL: SHOW COLUMNS FROM `selt_umanager` [ RunTime:0.0090s ]
SQL: SELECT * FROM `selt_umanager` WHERE `uname` = 'admin' AND `upwd` = '6a204bd89f3c8348afd5c77c717a097a' LIMIT 1   [ RunTime:0.0010s ]
INFO: [ view_parse ] --START--
INFO: [ template_filter ] --START--
INFO: Run Behavior\ContentReplaceBehavior [ RunTime:0.000000s ]
INFO: [ template_filter ] --END-- [ RunTime:0.000000s ]
INFO: Run Behavior\ParseTemplateBehavior [ RunTime:0.013001s ]
INFO: [ view_parse ] --END-- [ RunTime:0.013001s ]
INFO: [ view_filter ] --START--
INFO: Run Behavior\WriteHtmlCacheBehavior [ RunTime:0.001000s ]
INFO: [ view_filter ] --END-- [ RunTime:0.001000s ]
INFO: [ app_end ] --START--
INFO: Run Behavior\ShowPageTraceBehavior [ RunTime:0.001000s ]
INFO: [ app_end ] --END-- [ RunTime:0.002000s ]

[ 2017-10-16T00:12:35+08:00 ] ::1 /seltitle/admin.php/Home/Manager/index.html
INFO: [ app_init ] --START--
INFO: Run Behavior\BuildLiteBehavior [ RunTime:0.000000s ]
INFO: [ app_init ] --END-- [ RunTime:0.000000s ]
INFO: [ app_begin ] --START--
INFO: Run Behavior\ReadHtmlCacheBehavior [ RunTime:0.000000s ]
INFO: [ app_begin ] --END-- [ RunTime:0.000000s ]
SQL: SHOW COLUMNS FROM `selt_config` [ RunTime:0.0000s ]
SQL: SELECT * FROM `selt_config`  [ RunTime:0.0000s ]
INFO: [ view_parse ] --START--
INFO: [ template_filter ] --START--
INFO: Run Behavior\ContentReplaceBehavior [ RunTime:0.000000s ]
INFO: [ template_filter ] --END-- [ RunTime:0.000000s ]
INFO: Run Behavior\ParseTemplateBehavior [ RunTime:0.036200s ]
INFO: [ view_parse ] --END-- [ RunTime:0.036200s ]
INFO: [ view_filter ] --START--
INFO: Run Behavior\WriteHtmlCacheBehavior [ RunTime:0.001000s ]
INFO: [ view_filter ] --END-- [ RunTime:0.001000s ]
INFO: [ app_end ] --START--
INFO: Run Behavior\ShowPageTraceBehavior [ RunTime:0.001000s ]
INFO: [ app_end ] --END-- [ RunTime:0.001000s ]

[ 2017-10-16T00:12:47+08:00 ] ::1 /seltitle/admin.php/Home/Manager/time.html
INFO: [ app_init ] --START--
INFO: Run Behavior\BuildLiteBehavior [ RunTime:0.000000s ]
INFO: [ app_init ] --END-- [ RunTime:0.001000s ]
INFO: [ app_begin ] --START--
INFO: Run Behavior\ReadHtmlCacheBehavior [ RunTime:0.001000s ]
INFO: [ app_begin ] --END-- [ RunTime:0.001000s ]
SQL: SHOW COLUMNS FROM `selt_time` [ RunTime:0.0000s ]
SQL: SELECT * FROM `selt_time`  [ RunTime:0.0000s ]
INFO: [ view_parse ] --START--
INFO: [ template_filter ] --START--
INFO: Run Behavior\ContentReplaceBehavior [ RunTime:0.000000s ]
INFO: [ template_filter ] --END-- [ RunTime:0.000000s ]
NOTIC: [8] Use of undefined constant t_starttime - assumed 't_starttime' D:\phpStudy\PHPTutorial\WWW\selTitle\selAdmin\Runtime\Cache\Home\9ca55ce0a0625dc1a4bb1782a8ce87fe.php 第 142 行.
NOTIC: [8] Use of undefined constant t_endtime - assumed 't_endtime' D:\phpStudy\PHPTutorial\WWW\selTitle\selAdmin\Runtime\Cache\Home\9ca55ce0a0625dc1a4bb1782a8ce87fe.php 第 150 行.
NOTIC: [8] Use of undefined constant t_Id - assumed 't_Id' D:\phpStudy\PHPTutorial\WWW\selTitle\selAdmin\Runtime\Cache\Home\9ca55ce0a0625dc1a4bb1782a8ce87fe.php 第 155 行.
NOTIC: [8] Undefined index: t_Id D:\phpStudy\PHPTutorial\WWW\selTitle\selAdmin\Runtime\Cache\Home\9ca55ce0a0625dc1a4bb1782a8ce87fe.php 第 155 行.
INFO: Run Behavior\ParseTemplateBehavior [ RunTime:0.032200s ]
INFO: [ view_parse ] --END-- [ RunTime:0.032200s ]
INFO: [ view_filter ] --START--
INFO: Run Behavior\WriteHtmlCacheBehavior [ RunTime:0.000000s ]
INFO: [ view_filter ] --END-- [ RunTime:0.001000s ]
INFO: [ app_end ] --START--
INFO: Run Behavior\ShowPageTraceBehavior [ RunTime:0.001000s ]
INFO: [ app_end ] --END-- [ RunTime:0.001000s ]

[ 2017-10-16T00:12:51+08:00 ] ::1 /seltitle/admin.php/Home/Manager/index.html
INFO: [ app_init ] --START--
INFO: Run Behavior\BuildLiteBehavior [ RunTime:0.000000s ]
INFO: [ app_init ] --END-- [ RunTime:0.001000s ]
INFO: [ app_begin ] --START--
INFO: Run Behavior\ReadHtmlCacheBehavior [ RunTime:0.001000s ]
INFO: [ app_begin ] --END-- [ RunTime:0.001000s ]
SQL: SHOW COLUMNS FROM `selt_config` [ RunTime:0.0010s ]
SQL: SELECT * FROM `selt_config`  [ RunTime:0.0000s ]
INFO: [ view_parse ] --START--
INFO: [ template_filter ] --START--
INFO: Run Behavior\ContentReplaceBehavior [ RunTime:0.000000s ]
INFO: [ template_filter ] --END-- [ RunTime:0.000000s ]
INFO: Run Behavior\ParseTemplateBehavior [ RunTime:0.031200s ]
INFO: [ view_parse ] --END-- [ RunTime:0.031200s ]
INFO: [ view_filter ] --START--
INFO: Run Behavior\WriteHtmlCacheBehavior [ RunTime:0.000000s ]
INFO: [ view_filter ] --END-- [ RunTime:0.000000s ]
INFO: [ app_end ] --START--
INFO: Run Behavior\ShowPageTraceBehavior [ RunTime:0.000000s ]
INFO: [ app_end ] --END-- [ RunTime:0.000000s ]

[ 2017-10-16T00:18:07+08:00 ] ::1 /seltitle/admin.php/Home/Stu/select.html?act=all
INFO: [ app_init ] --START--
INFO: Run Behavior\BuildLiteBehavior [ RunTime:0.000000s ]
INFO: [ app_init ] --END-- [ RunTime:0.001000s ]
INFO: [ app_begin ] --START--
INFO: Run Behavior\ReadHtmlCacheBehavior [ RunTime:0.000000s ]
INFO: [ app_begin ] --END-- [ RunTime:0.000000s ]
NOTIC: [8] Undefined index: sn D:\phpStudy\PHPTutorial\WWW\selTitle\selAdmin\Home\Controller\StuController.class.php 第 92 行.
NOTIC: [8] Undefined index: snm D:\phpStudy\PHPTutorial\WWW\selTitle\selAdmin\Home\Controller\StuController.class.php 第 93 行.
NOTIC: [8] Undefined index: p D:\phpStudy\PHPTutorial\WWW\selTitle\selAdmin\Home\Controller\StuController.class.php 第 94 行.
SQL: SHOW COLUMNS FROM `selt_config` [ RunTime:0.0000s ]
SQL: SELECT * FROM `selt_config` WHERE ( con_key="cfg_numofpage" )  [ RunTime:0.0000s ]
SQL: SHOW COLUMNS FROM `selt_sinfo` [ RunTime:0.0186s ]
SQL: SELECT COUNT(*) AS tp_count FROM `selt_sinfo` INNER JOIN selt_specility on selt_sinfo.s_sc=selt_specility.sp_id  LIMIT 1   [ RunTime:0.0000s ]
SQL: SELECT selt_sinfo.*,selt_specility.sp_name FROM `selt_sinfo` INNER JOIN selt_specility on selt_sinfo.s_sc=selt_specility.sp_id  ORDER BY s_SC,s_num LIMIT 0,200   [ RunTime:0.0000s ]
INFO: [ view_parse ] --START--
INFO: [ template_filter ] --START--
INFO: Run Behavior\ContentReplaceBehavior [ RunTime:0.000000s ]
INFO: [ template_filter ] --END-- [ RunTime:0.000000s ]
NOTIC: [8] Undefined variable: sn D:\phpStudy\PHPTutorial\WWW\selTitle\selAdmin\Runtime\Cache\Home\139f1dde5bc0da05b1ce1ddf56bd3c1f.php 第 202 行.
NOTIC: [8] Undefined variable: snm D:\phpStudy\PHPTutorial\WWW\selTitle\selAdmin\Runtime\Cache\Home\139f1dde5bc0da05b1ce1ddf56bd3c1f.php 第 207 行.
NOTIC: [8] Undefined variable: vo D:\phpStudy\PHPTutorial\WWW\selTitle\selAdmin\Runtime\Cache\Home\139f1dde5bc0da05b1ce1ddf56bd3c1f.php 第 260 行.
NOTIC: [8] Undefined variable: sn D:\phpStudy\PHPTutorial\WWW\selTitle\selAdmin\Runtime\Cache\Home\139f1dde5bc0da05b1ce1ddf56bd3c1f.php 第 260 行.
NOTIC: [8] Undefined variable: snm D:\phpStudy\PHPTutorial\WWW\selTitle\selAdmin\Runtime\Cache\Home\139f1dde5bc0da05b1ce1ddf56bd3c1f.php 第 260 行.
NOTIC: [8] Undefined index: p D:\phpStudy\PHPTutorial\WWW\selTitle\selAdmin\Runtime\Cache\Home\139f1dde5bc0da05b1ce1ddf56bd3c1f.php 第 260 行.
INFO: Run Behavior\ParseTemplateBehavior [ RunTime:0.015600s ]
INFO: [ view_parse ] --END-- [ RunTime:0.015600s ]
INFO: [ view_filter ] --START--
INFO: Run Behavior\WriteHtmlCacheBehavior [ RunTime:0.000000s ]
INFO: [ view_filter ] --END-- [ RunTime:0.000000s ]
INFO: [ app_end ] --START--
INFO: Run Behavior\ShowPageTraceBehavior [ RunTime:0.000000s ]
INFO: [ app_end ] --END-- [ RunTime:0.000000s ]

[ 2017-10-16T00:18:08+08:00 ] ::1 /seltitle/admin.php/Home/Stu/select.html?act=all
INFO: [ app_init ] --START--
INFO: Run Behavior\BuildLiteBehavior [ RunTime:0.000000s ]
INFO: [ app_init ] --END-- [ RunTime:0.001000s ]
INFO: [ app_begin ] --START--
INFO: Run Behavior\ReadHtmlCacheBehavior [ RunTime:0.001000s ]
INFO: [ app_begin ] --END-- [ RunTime:0.001000s ]
NOTIC: [8] Undefined index: sn D:\phpStudy\PHPTutorial\WWW\selTitle\selAdmin\Home\Controller\StuController.class.php 第 92 行.
NOTIC: [8] Undefined index: snm D:\phpStudy\PHPTutorial\WWW\selTitle\selAdmin\Home\Controller\StuController.class.php 第 93 行.
NOTIC: [8] Undefined index: p D:\phpStudy\PHPTutorial\WWW\selTitle\selAdmin\Home\Controller\StuController.class.php 第 94 行.
SQL: SHOW COLUMNS FROM `selt_config` [ RunTime:0.0000s ]
SQL: SELECT * FROM `selt_config` WHERE ( con_key="cfg_numofpage" )  [ RunTime:0.0000s ]
SQL: SHOW COLUMNS FROM `selt_sinfo` [ RunTime:0.0000s ]
SQL: SELECT COUNT(*) AS tp_count FROM `selt_sinfo` INNER JOIN selt_specility on selt_sinfo.s_sc=selt_specility.sp_id  LIMIT 1   [ RunTime:0.0000s ]
SQL: SELECT selt_sinfo.*,selt_specility.sp_name FROM `selt_sinfo` INNER JOIN selt_specility on selt_sinfo.s_sc=selt_specility.sp_id  ORDER BY s_SC,s_num LIMIT 0,200   [ RunTime:0.0000s ]
INFO: [ view_parse ] --START--
INFO: [ template_filter ] --START--
INFO: Run Behavior\ContentReplaceBehavior [ RunTime:0.000000s ]
INFO: [ template_filter ] --END-- [ RunTime:0.000000s ]
NOTIC: [8] Undefined variable: sn D:\phpStudy\PHPTutorial\WWW\selTitle\selAdmin\Runtime\Cache\Home\139f1dde5bc0da05b1ce1ddf56bd3c1f.php 第 202 行.
NOTIC: [8] Undefined variable: snm D:\phpStudy\PHPTutorial\WWW\selTitle\selAdmin\Runtime\Cache\Home\139f1dde5bc0da05b1ce1ddf56bd3c1f.php 第 207 行.
NOTIC: [8] Undefined variable: vo D:\phpStudy\PHPTutorial\WWW\selTitle\selAdmin\Runtime\Cache\Home\139f1dde5bc0da05b1ce1ddf56bd3c1f.php 第 260 行.
NOTIC: [8] Undefined variable: sn D:\phpStudy\PHPTutorial\WWW\selTitle\selAdmin\Runtime\Cache\Home\139f1dde5bc0da05b1ce1ddf56bd3c1f.php 第 260 行.
NOTIC: [8] Undefined variable: snm D:\phpStudy\PHPTutorial\WWW\selTitle\selAdmin\Runtime\Cache\Home\139f1dde5bc0da05b1ce1ddf56bd3c1f.php 第 260 行.
NOTIC: [8] Undefined index: p D:\phpStudy\PHPTutorial\WWW\selTitle\selAdmin\Runtime\Cache\Home\139f1dde5bc0da05b1ce1ddf56bd3c1f.php 第 260 行.
INFO: Run Behavior\ParseTemplateBehavior [ RunTime:0.015600s ]
INFO: [ view_parse ] --END-- [ RunTime:0.015600s ]
INFO: [ view_filter ] --START--
INFO: Run Behavior\WriteHtmlCacheBehavior [ RunTime:0.000000s ]
INFO: [ view_filter ] --END-- [ RunTime:0.000000s ]
INFO: [ app_end ] --START--
INFO: Run Behavior\ShowPageTraceBehavior [ RunTime:0.000000s ]
INFO: [ app_end ] --END-- [ RunTime:0.000000s ]

[ 2017-10-16T00:18:09+08:00 ] ::1 /seltitle/admin.php/Home/Stu/addAll.html
INFO: [ app_init ] --START--
INFO: Run Behavior\BuildLiteBehavior [ RunTime:0.000000s ]
INFO: [ app_init ] --END-- [ RunTime:0.001000s ]
INFO: [ app_begin ] --START--
INFO: Run Behavior\ReadHtmlCacheBehavior [ RunTime:0.000000s ]
INFO: [ app_begin ] --END-- [ RunTime:0.000000s ]
INFO: [ view_parse ] --START--
INFO: [ template_filter ] --START--
INFO: Run Behavior\ContentReplaceBehavior [ RunTime:0.000000s ]
INFO: [ template_filter ] --END-- [ RunTime:0.000000s ]
INFO: Run Behavior\ParseTemplateBehavior [ RunTime:0.009001s ]
INFO: [ view_parse ] --END-- [ RunTime:0.009001s ]
INFO: [ view_filter ] --START--
INFO: Run Behavior\WriteHtmlCacheBehavior [ RunTime:0.000000s ]
INFO: [ view_filter ] --END-- [ RunTime:0.000000s ]
INFO: [ app_end ] --START--
INFO: Run Behavior\ShowPageTraceBehavior [ RunTime:0.000000s ]
INFO: [ app_end ] --END-- [ RunTime:0.000000s ]

[ 2017-10-16T00:18:17+08:00 ] ::1 /seltitle/admin.php/Home/Manager/clrspc.html
INFO: [ app_init ] --START--
INFO: Run Behavior\BuildLiteBehavior [ RunTime:0.000000s ]
INFO: [ app_init ] --END-- [ RunTime:0.001000s ]
INFO: [ app_begin ] --START--
INFO: Run Behavior\ReadHtmlCacheBehavior [ RunTime:0.001000s ]
INFO: [ app_begin ] --END-- [ RunTime:0.001000s ]
SQL: UPDATE `selt_sinfo` SET s_Num=REPLACE(s_Num,' ' ,''),s_Name=REPLACE(s_Name,' ' ,'') [ RunTime:0.0000s ]
SQL: UPDATE `selt_sinfo` SET s_Num=REPLACE(s_Num,' ' ,''),s_Name=REPLACE(s_Name,' ' ,'') [ RunTime:0.0000s ]
SQL: UPDATE `selt_ctitle` SET c_Tutor=REPLACE(c_Tutor,' ' ,''),c_Title=REPLACE(c_Title,' ' ,''),c_Class=REPLACE(c_Class,' ' ,'') [ RunTime:0.0000s ]
SQL: UPDATE `selt_ctitle` SET c_Tutor=REPLACE(c_Tutor,' ' ,''),c_Title=REPLACE(c_Title,' ' ,''),c_Class=REPLACE(c_Class,' ' ,'') [ RunTime:0.0000s ]
INFO: [ view_parse ] --START--
INFO: [ template_filter ] --START--
INFO: Run Behavior\ContentReplaceBehavior [ RunTime:0.000000s ]
INFO: [ template_filter ] --END-- [ RunTime:0.000000s ]
INFO: Run Behavior\ParseTemplateBehavior [ RunTime:0.015600s ]
INFO: [ view_parse ] --END-- [ RunTime:0.015600s ]
INFO: [ view_filter ] --START--
INFO: Run Behavior\WriteHtmlCacheBehavior [ RunTime:0.000000s ]
INFO: [ view_filter ] --END-- [ RunTime:0.000000s ]
INFO: [ app_end ] --START--
INFO: Run Behavior\ShowPageTraceBehavior [ RunTime:0.000000s ]
INFO: [ app_end ] --END-- [ RunTime:0.000000s ]

[ 2017-10-16T00:18:20+08:00 ] ::1 /seltitle/admin.php/Home/Stu/addAll.html
INFO: [ app_init ] --START--
INFO: Run Behavior\BuildLiteBehavior [ RunTime:0.000000s ]
INFO: [ app_init ] --END-- [ RunTime:0.000000s ]
INFO: [ app_begin ] --START--
INFO: Run Behavior\ReadHtmlCacheBehavior [ RunTime:0.001000s ]
INFO: [ app_begin ] --END-- [ RunTime:0.001000s ]
INFO: [ view_parse ] --START--
INFO: [ template_filter ] --START--
INFO: Run Behavior\ContentReplaceBehavior [ RunTime:0.000000s ]
INFO: [ template_filter ] --END-- [ RunTime:0.000000s ]
INFO: Run Behavior\ParseTemplateBehavior [ RunTime:0.009001s ]
INFO: [ view_parse ] --END-- [ RunTime:0.009001s ]
INFO: [ view_filter ] --START--
INFO: Run Behavior\WriteHtmlCacheBehavior [ RunTime:0.001000s ]
INFO: [ view_filter ] --END-- [ RunTime:0.001000s ]
INFO: [ app_end ] --START--
INFO: Run Behavior\ShowPageTraceBehavior [ RunTime:0.001000s ]
INFO: [ app_end ] --END-- [ RunTime:0.001000s ]

[ 2017-10-16T00:18:23+08:00 ] ::1 /seltitle/admin.php/Home/Title/select.html?act=all
INFO: [ app_init ] --START--
INFO: Run Behavior\BuildLiteBehavior [ RunTime:0.000000s ]
INFO: [ app_init ] --END-- [ RunTime:0.000000s ]
INFO: [ app_begin ] --START--
INFO: Run Behavior\ReadHtmlCacheBehavior [ RunTime:0.000000s ]
INFO: [ app_begin ] --END-- [ RunTime:0.000000s ]
NOTIC: [8] Undefined index: sn D:\phpStudy\PHPTutorial\WWW\selTitle\selAdmin\Home\Controller\TitleController.class.php 第 114 行.
NOTIC: [8] Undefined index: snm D:\phpStudy\PHPTutorial\WWW\selTitle\selAdmin\Home\Controller\TitleController.class.php 第 115 行.
NOTIC: [8] Undefined index: p D:\phpStudy\PHPTutorial\WWW\selTitle\selAdmin\Home\Controller\TitleController.class.php 第 116 行.
SQL: SHOW COLUMNS FROM `selt_config` [ RunTime:0.0020s ]
SQL: SELECT * FROM `selt_config` WHERE ( con_key="cfg_numofpage" )  [ RunTime:0.0000s ]
SQL: SHOW COLUMNS FROM `selt_ctitle` [ RunTime:0.0156s ]
SQL: SELECT COUNT(*) AS tp_count FROM `selt_ctitle` LIMIT 1   [ RunTime:0.0000s ]
SQL: SELECT * FROM `selt_ctitle` ORDER BY c_num LIMIT 0,200   [ RunTime:0.0000s ]
INFO: [ view_parse ] --START--
INFO: [ template_filter ] --START--
INFO: Run Behavior\ContentReplaceBehavior [ RunTime:0.000000s ]
INFO: [ template_filter ] --END-- [ RunTime:0.000000s ]
NOTIC: [8] Undefined variable: sn D:\phpStudy\PHPTutorial\WWW\selTitle\selAdmin\Runtime\Cache\Home\959febc3a5bc5c2eb5cd605fd4436041.php 第 202 行.
NOTIC: [8] Undefined variable: snm D:\phpStudy\PHPTutorial\WWW\selTitle\selAdmin\Runtime\Cache\Home\959febc3a5bc5c2eb5cd605fd4436041.php 第 207 行.
NOTIC: [8] Undefined variable: vo D:\phpStudy\PHPTutorial\WWW\selTitle\selAdmin\Runtime\Cache\Home\959febc3a5bc5c2eb5cd605fd4436041.php 第 256 行.
NOTIC: [8] Undefined variable: sn D:\phpStudy\PHPTutorial\WWW\selTitle\selAdmin\Runtime\Cache\Home\959febc3a5bc5c2eb5cd605fd4436041.php 第 256 行.
NOTIC: [8] Undefined variable: snm D:\phpStudy\PHPTutorial\WWW\selTitle\selAdmin\Runtime\Cache\Home\959febc3a5bc5c2eb5cd605fd4436041.php 第 256 行.
NOTIC: [8] Undefined index: p D:\phpStudy\PHPTutorial\WWW\selTitle\selAdmin\Runtime\Cache\Home\959febc3a5bc5c2eb5cd605fd4436041.php 第 256 行.
INFO: Run Behavior\ParseTemplateBehavior [ RunTime:0.015600s ]
INFO: [ view_parse ] --END-- [ RunTime:0.015600s ]
INFO: [ view_filter ] --START--
INFO: Run Behavior\WriteHtmlCacheBehavior [ RunTime:0.000000s ]
INFO: [ view_filter ] --END-- [ RunTime:0.000000s ]
INFO: [ app_end ] --START--
INFO: Run Behavior\ShowPageTraceBehavior [ RunTime:0.000000s ]
INFO: [ app_end ] --END-- [ RunTime:0.000000s ]

[ 2017-10-16T00:18:28+08:00 ] ::1 /seltitle/admin.php/Home/Title/select.html?act=all
INFO: [ app_init ] --START--
INFO: Run Behavior\BuildLiteBehavior [ RunTime:0.000000s ]
INFO: [ app_init ] --END-- [ RunTime:0.001000s ]
INFO: [ app_begin ] --START--
INFO: Run Behavior\ReadHtmlCacheBehavior [ RunTime:0.000000s ]
INFO: [ app_begin ] --END-- [ RunTime:0.000000s ]
NOTIC: [8] Undefined index: sn D:\phpStudy\PHPTutorial\WWW\selTitle\selAdmin\Home\Controller\TitleController.class.php 第 114 行.
NOTIC: [8] Undefined index: snm D:\phpStudy\PHPTutorial\WWW\selTitle\selAdmin\Home\Controller\TitleController.class.php 第 115 行.
NOTIC: [8] Undefined index: p D:\phpStudy\PHPTutorial\WWW\selTitle\selAdmin\Home\Controller\TitleController.class.php 第 116 行.
SQL: SHOW COLUMNS FROM `selt_config` [ RunTime:0.0000s ]
SQL: SELECT * FROM `selt_config` WHERE ( con_key="cfg_numofpage" )  [ RunTime:0.0156s ]
SQL: SHOW COLUMNS FROM `selt_ctitle` [ RunTime:0.0050s ]
SQL: SELECT COUNT(*) AS tp_count FROM `selt_ctitle` LIMIT 1   [ RunTime:0.0000s ]
SQL: SELECT * FROM `selt_ctitle` ORDER BY c_num LIMIT 0,200   [ RunTime:0.0010s ]
INFO: [ view_parse ] --START--
INFO: [ template_filter ] --START--
INFO: Run Behavior\ContentReplaceBehavior [ RunTime:0.000000s ]
INFO: [ template_filter ] --END-- [ RunTime:0.000000s ]
NOTIC: [8] Undefined variable: sn D:\phpStudy\PHPTutorial\WWW\selTitle\selAdmin\Runtime\Cache\Home\959febc3a5bc5c2eb5cd605fd4436041.php 第 202 行.
NOTIC: [8] Undefined variable: snm D:\phpStudy\PHPTutorial\WWW\selTitle\selAdmin\Runtime\Cache\Home\959febc3a5bc5c2eb5cd605fd4436041.php 第 207 行.
NOTIC: [8] Undefined variable: vo D:\phpStudy\PHPTutorial\WWW\selTitle\selAdmin\Runtime\Cache\Home\959febc3a5bc5c2eb5cd605fd4436041.php 第 256 行.
NOTIC: [8] Undefined variable: sn D:\phpStudy\PHPTutorial\WWW\selTitle\selAdmin\Runtime\Cache\Home\959febc3a5bc5c2eb5cd605fd4436041.php 第 256 行.
NOTIC: [8] Undefined variable: snm D:\phpStudy\PHPTutorial\WWW\selTitle\selAdmin\Runtime\Cache\Home\959febc3a5bc5c2eb5cd605fd4436041.php 第 256 行.
NOTIC: [8] Undefined index: p D:\phpStudy\PHPTutorial\WWW\selTitle\selAdmin\Runtime\Cache\Home\959febc3a5bc5c2eb5cd605fd4436041.php 第 256 行.
INFO: Run Behavior\ParseTemplateBehavior [ RunTime:0.000000s ]
INFO: [ view_parse ] --END-- [ RunTime:0.000000s ]
INFO: [ view_filter ] --START--
INFO: Run Behavior\WriteHtmlCacheBehavior [ RunTime:0.000000s ]
INFO: [ view_filter ] --END-- [ RunTime:0.000000s ]
INFO: [ app_end ] --START--
INFO: Run Behavior\ShowPageTraceBehavior [ RunTime:0.000000s ]
INFO: [ app_end ] --END-- [ RunTime:0.000000s ]

[ 2017-10-16T00:18:33+08:00 ] ::1 /seltitle/admin.php/Home/Title/addAll.html
INFO: [ app_init ] --START--
INFO: Run Behavior\BuildLiteBehavior [ RunTime:0.000000s ]
INFO: [ app_init ] --END-- [ RunTime:0.001000s ]
INFO: [ app_begin ] --START--
INFO: Run Behavior\ReadHtmlCacheBehavior [ RunTime:0.000000s ]
INFO: [ app_begin ] --END-- [ RunTime:0.000000s ]
INFO: [ view_parse ] --START--
INFO: [ template_filter ] --START--
INFO: Run Behavior\ContentReplaceBehavior [ RunTime:0.001001s ]
INFO: [ template_filter ] --END-- [ RunTime:0.001001s ]
INFO: Run Behavior\ParseTemplateBehavior [ RunTime:0.008001s ]
INFO: [ view_parse ] --END-- [ RunTime:0.008001s ]
INFO: [ view_filter ] --START--
INFO: Run Behavior\WriteHtmlCacheBehavior [ RunTime:0.000000s ]
INFO: [ view_filter ] --END-- [ RunTime:0.000000s ]
INFO: [ app_end ] --START--
INFO: Run Behavior\ShowPageTraceBehavior [ RunTime:0.000000s ]
INFO: [ app_end ] --END-- [ RunTime:0.000000s ]

[ 2017-10-16T00:18:50+08:00 ] ::1 /seltitle/admin.php/Home/Stu/addAll.html
INFO: [ app_init ] --START--
INFO: Run Behavior\BuildLiteBehavior [ RunTime:0.000000s ]
INFO: [ app_init ] --END-- [ RunTime:0.001000s ]
INFO: [ app_begin ] --START--
INFO: Run Behavior\ReadHtmlCacheBehavior [ RunTime:0.000000s ]
INFO: [ app_begin ] --END-- [ RunTime:0.000000s ]
INFO: [ view_parse ] --START--
INFO: [ template_filter ] --START--
INFO: Run Behavior\ContentReplaceBehavior [ RunTime:0.000000s ]
INFO: [ template_filter ] --END-- [ RunTime:0.000000s ]
INFO: Run Behavior\ParseTemplateBehavior [ RunTime:0.006001s ]
INFO: [ view_parse ] --END-- [ RunTime:0.006001s ]
INFO: [ view_filter ] --START--
INFO: Run Behavior\WriteHtmlCacheBehavior [ RunTime:0.000000s ]
INFO: [ view_filter ] --END-- [ RunTime:0.001000s ]
INFO: [ app_end ] --START--
INFO: Run Behavior\ShowPageTraceBehavior [ RunTime:0.003000s ]
INFO: [ app_end ] --END-- [ RunTime:0.003000s ]

[ 2017-10-16T00:22:12+08:00 ] ::1 /seltitle/admin.php/Home/Stu/addAll.html
INFO: [ app_init ] --START--
INFO: Run Behavior\BuildLiteBehavior [ RunTime:0.000000s ]
INFO: [ app_init ] --END-- [ RunTime:0.000000s ]
INFO: [ app_begin ] --START--
INFO: Run Behavior\ReadHtmlCacheBehavior [ RunTime:0.001000s ]
INFO: [ app_begin ] --END-- [ RunTime:0.001000s ]
INFO: [ view_parse ] --START--
INFO: [ template_filter ] --START--
INFO: Run Behavior\ContentReplaceBehavior [ RunTime:0.000000s ]
INFO: [ template_filter ] --END-- [ RunTime:0.000000s ]
INFO: Run Behavior\ParseTemplateBehavior [ RunTime:0.008001s ]
INFO: [ view_parse ] --END-- [ RunTime:0.008001s ]
INFO: [ view_filter ] --START--
INFO: Run Behavior\WriteHtmlCacheBehavior [ RunTime:0.000000s ]
INFO: [ view_filter ] --END-- [ RunTime:0.000000s ]
INFO: [ app_end ] --START--
INFO: Run Behavior\ShowPageTraceBehavior [ RunTime:0.001000s ]
INFO: [ app_end ] --END-- [ RunTime:0.001000s ]

